<?xml version="1.0" encoding="UTF-8"?>
<testng-results ignored="0" total="1" passed="1" failed="0" skipped="0">
  <reporter-output>
  </reporter-output>
  <suite started-at="2023-07-07T16:45:48 IST" name="Default suite" finished-at="2023-07-07T16:46:14 IST" duration-ms="26407">
    <groups>
    </groups>
    <test started-at="2023-07-07T16:45:48 IST" name="Default test" finished-at="2023-07-07T16:46:14 IST" duration-ms="26407">
      <class name="test1.Carttst">
        <test-method is-config="true" signature="setUp()[pri:0, instance:test1.Carttst@350aac89]" started-at="2023-07-07T16:45:48 IST" name="setUp" finished-at="2023-07-07T16:45:52 IST" duration-ms="4629" status="PASS">
          <reporter-output>
          </reporter-output>
        </test-method> <!-- setUp -->
        <test-method is-config="true" signature="loadUrl()[pri:0, instance:test1.Carttst@350aac89]" started-at="2023-07-07T16:45:52 IST" name="loadUrl" finished-at="2023-07-07T16:45:58 IST" duration-ms="6204" status="PASS">
          <reporter-output>
          </reporter-output>
        </test-method> <!-- loadUrl -->
        <test-method signature="testcart()[pri:0, instance:test1.Carttst@350aac89]" started-at="2023-07-07T16:45:58 IST" name="testcart" finished-at="2023-07-07T16:46:14 IST" duration-ms="15211" status="PASS">
          <reporter-output>
          </reporter-output>
        </test-method> <!-- testcart -->
        <test-method is-config="true" signature="tearDown()[pri:0, instance:test1.Carttst@350aac89]" started-at="2023-07-07T16:46:14 IST" name="tearDown" finished-at="2023-07-07T16:46:14 IST" duration-ms="290" status="PASS">
          <reporter-output>
          </reporter-output>
        </test-method> <!-- tearDown -->
        <test-method is-config="true" signature="afterMeth()[pri:0, instance:test1.Carttst@350aac89]" started-at="2023-07-07T16:46:14 IST" name="afterMeth" finished-at="2023-07-07T16:46:14 IST" duration-ms="0" status="PASS">
          <reporter-output>
          </reporter-output>
        </test-method> <!-- afterMeth -->
      </class> <!-- test1.Carttst -->
    </test> <!-- Default test -->
  </suite> <!-- Default suite -->
</testng-results>
